0 info it worked if it ends with ok
1 verbose cli [ '/usr/bin/node', '/usr/bin/npm', 'start' ]
2 info using npm@3.5.2
3 info using node@v8.10.0
4 verbose run-script [ 'prestart', 'start', 'poststart' ]
5 info lifecycle react-mycroft-gui@1.0.0~prestart: react-mycroft-gui@1.0.0
6 silly lifecycle react-mycroft-gui@1.0.0~prestart: no script for prestart, continuing
7 info lifecycle react-mycroft-gui@1.0.0~start: react-mycroft-gui@1.0.0
8 verbose lifecycle react-mycroft-gui@1.0.0~start: unsafe-perm in lifecycle true
9 verbose lifecycle react-mycroft-gui@1.0.0~start: PATH: /usr/share/npm/bin/node-gyp-bin:/home/alexisdiaz/Documents/projects/artemis-mycroft/artemis-mycroft-gui/react-mycroft-gui/node_modules/.bin:/home/alexisdiaz/.local/bin:/home/alexisdiaz/.local/bin:/home/alexisdiaz/.rvm/gems/ruby-2.5.1/bin:/home/alexisdiaz/.rvm/gems/ruby-2.5.1@global/bin:/usr/share/rvm/rubies/ruby-2.5.1/bin:/usr/local/sbin:/usr/local/bin:/usr/sbin:/usr/bin:/sbin:/bin:/usr/games:/usr/local/games:/snap/bin:/usr/share/rvm/bin:/home/alexisdiaz/Documents/projects/artemis-mycroft/mycroft-core/bin:/home/alexisdiaz/Documents/projects/artemis-mycroft/mycroft-core/bin
10 verbose lifecycle react-mycroft-gui@1.0.0~start: CWD: /home/alexisdiaz/Documents/projects/artemis-mycroft/artemis-mycroft-gui/react-mycroft-gui
11 silly lifecycle react-mycroft-gui@1.0.0~start: Args: [ '-c', 'SET PORT=3000 && webpack-dev-server --hot --open' ]
12 info lifecycle react-mycroft-gui@1.0.0~start: Failed to exec start script
13 verbose stack Error: react-mycroft-gui@1.0.0 start: `SET PORT=3000 && webpack-dev-server --hot --open`
13 verbose stack spawn ENOENT
13 verbose stack     at ChildProcess.<anonymous> (/usr/share/npm/lib/utils/spawn.js:17:16)
13 verbose stack     at emitTwo (events.js:126:13)
13 verbose stack     at ChildProcess.emit (events.js:214:7)
13 verbose stack     at maybeClose (internal/child_process.js:925:16)
13 verbose stack     at Process.ChildProcess._handle.onexit (internal/child_process.js:209:5)
14 verbose pkgid react-mycroft-gui@1.0.0
15 verbose cwd /home/alexisdiaz/Documents/projects/artemis-mycroft/artemis-mycroft-gui/react-mycroft-gui
16 error Linux 4.15.0-91-generic
17 error argv "/usr/bin/node" "/usr/bin/npm" "start"
18 error node v8.10.0
19 error npm  v3.5.2
20 error file sh
21 error code ELIFECYCLE
22 error errno ENOENT
23 error syscall spawn
24 error react-mycroft-gui@1.0.0 start: `SET PORT=3000 && webpack-dev-server --hot --open`
24 error spawn ENOENT
25 error Failed at the react-mycroft-gui@1.0.0 start script 'SET PORT=3000 && webpack-dev-server --hot --open'.
25 error Make sure you have the latest version of node.js and npm installed.
25 error If you do, this is most likely a problem with the react-mycroft-gui package,
25 error not with npm itself.
25 error Tell the author that this fails on your system:
25 error     SET PORT=3000 && webpack-dev-server --hot --open
25 error You can get information on how to open an issue for this project with:
25 error     npm bugs react-mycroft-gui
25 error Or if that isn't available, you can get their info via:
25 error     npm owner ls react-mycroft-gui
25 error There is likely additional logging output above.
26 verbose exit [ 1, true ]
